<?xml version="1.0" encoding="UTF-8"?>
<testng-results ignored="0" total="1" passed="1" failed="0" skipped="0">
  <reporter-output>
  </reporter-output>
  <suite started-at="2024-02-03T13:05:45 IST" name="Default suite" finished-at="2024-02-03T13:05:59 IST" duration-ms="13217">
    <groups>
    </groups>
    <test started-at="2024-02-03T13:05:45 IST" name="Default test" finished-at="2024-02-03T13:05:59 IST" duration-ms="13217">
      <class name="com.testScripts.Learning_ExtentReports">
        <test-method signature="loginTest()[pri:0, instance:com.testScripts.Learning_ExtentReports@4550bb58]" started-at="2024-02-03T13:05:45 IST" name="loginTest" finished-at="2024-02-03T13:05:59 IST" duration-ms="13149" status="PASS">
          <reporter-output>
          </reporter-output>
        </test-method> <!-- loginTest -->
      </class> <!-- com.testScripts.Learning_ExtentReports -->
    </test> <!-- Default test -->
  </suite> <!-- Default suite -->
</testng-results>
